# JRE version: Java(TM) SE Runtime Environment (8.0_91-b15) (build 1.8.0_91-b15)
# Java VM: Java HotSpot(TM) 64-Bit Server VM (25.91-b15 mixed mode windows-amd64 compressed oops)
Heap:
 PSYoungGen      total 237056K, used 184954K [0x00000000d5b00000, 0x00000000eb500000, 0x0000000100000000)
  eden space 222720K, 76% used [0x00000000d5b00000,0x00000000e01a13d0,0x00000000e3480000)
  from space 14336K, 99% used [0x00000000e3480000,0x00000000e427d740,0x00000000e4280000)
  to   space 19456K, 0% used [0x00000000ea200000,0x00000000ea200000,0x00000000eb500000)
 ParOldGen       total 72192K, used 26215K [0x0000000081000000, 0x0000000085680000, 0x00000000d5b00000)
  object space 72192K, 36% used [0x0000000081000000,0x0000000082999db0,0x0000000085680000)
 Metaspace       used 46640K, capacity 47834K, committed 47960K, reserved 1091584K
  class space    used 6320K, capacity 6680K, committed 6744K, reserved 1048576K
GC Heap History (10 events):
Event: 6.118 GC heap before
{Heap before GC invocations=7 (full 1):
 PSYoungGen      total 71680K, used 66560K [0x00000000d5b00000, 0x00000000df200000, 0x0000000100000000)
  eden space 66560K, 100% used [0x00000000d5b00000,0x00000000d9c00000,0x00000000d9c00000)
  from space 5120K, 0% used [0x00000000d9c00000,0x00000000d9c00000,0x00000000da100000)
  to   space 10752K, 0% used [0x00000000de780000,0x00000000de780000,0x00000000df200000)
 ParOldGen       total 56320K, used 13107K [0x0000000081000000, 0x0000000084700000, 0x00000000d5b00000)
  object space 56320K, 23% used [0x0000000081000000,0x0000000081cccd08,0x0000000084700000)
 Metaspace       used 26652K, capacity 27080K, committed 27520K, reserved 1073152K
  class space    used 3706K, capacity 3886K, committed 3968K, reserved 1048576K
Event: 6.129 GC heap after
Heap after GC invocations=7 (full 1):
 PSYoungGen      total 130048K, used 6478K [0x00000000d5b00000, 0x00000000dee00000, 0x0000000100000000)
  eden space 123392K, 0% used [0x00000000d5b00000,0x00000000d5b00000,0x00000000dd380000)
  from space 6656K, 97% used [0x00000000de780000,0x00000000dedd3900,0x00000000dee00000)
  to   space 10240K, 0% used [0x00000000dda00000,0x00000000dda00000,0x00000000de400000)
 ParOldGen       total 56320K, used 13115K [0x0000000081000000, 0x0000000084700000, 0x00000000d5b00000)
  object space 56320K, 23% used [0x0000000081000000,0x0000000081cced08,0x0000000084700000)
 Metaspace       used 26652K, capacity 27080K, committed 27520K, reserved 1073152K
  class space    used 3706K, capacity 3886K, committed 3968K, reserved 1048576K
}
Event: 9.439 GC heap before
{Heap before GC invocations=8 (full 1):
 PSYoungGen      total 130048K, used 129870K [0x00000000d5b00000, 0x00000000dee00000, 0x0000000100000000)
  eden space 123392K, 100% used [0x00000000d5b00000,0x00000000dd380000,0x00000000dd380000)
  from space 6656K, 97% used [0x00000000de780000,0x00000000dedd3900,0x00000000dee00000)
  to   space 10240K, 0% used [0x00000000dda00000,0x00000000dda00000,0x00000000de400000)
 ParOldGen       total 56320K, used 13115K [0x0000000081000000, 0x0000000084700000, 0x00000000d5b00000)
  object space 56320K, 23% used [0x0000000081000000,0x0000000081cced08,0x0000000084700000)
 Metaspace       used 34071K, capacity 34592K, committed 35072K, reserved 1079296K
  class space    used 4623K, capacity 4767K, committed 4864K, reserved 1048576K
Event: 9.463 GC heap after
Heap after GC invocations=8 (full 1):
 PSYoungGen      total 140288K, used 10226K [0x00000000d5b00000, 0x00000000e4f80000, 0x0000000100000000)
  eden space 130048K, 0% used [0x00000000d5b00000,0x00000000d5b00000,0x00000000dda00000)
  from space 10240K, 99% used [0x00000000dda00000,0x00000000de3fca98,0x00000000de400000)
  to   space 13312K, 0% used [0x00000000e4280000,0x00000000e4280000,0x00000000e4f80000)
 ParOldGen       total 56320K, used 16556K [0x0000000081000000, 0x0000000084700000, 0x00000000d5b00000)
  object space 56320K, 29% used [0x0000000081000000,0x000000008202b280,0x0000000084700000)
 Metaspace       used 34071K, capacity 34592K, committed 35072K, reserved 1079296K
  class space    used 4623K, capacity 4767K, committed 4864K, reserved 1048576K
}
Event: 9.987 GC heap before
{Heap before GC invocations=9 (full 1):
 PSYoungGen      total 140288K, used 36174K [0x00000000d5b00000, 0x00000000e4f80000, 0x0000000100000000)
  eden space 130048K, 19% used [0x00000000d5b00000,0x00000000d7456f80,0x00000000dda00000)
  from space 10240K, 99% used [0x00000000dda00000,0x00000000de3fca98,0x00000000de400000)
  to   space 13312K, 0% used [0x00000000e4280000,0x00000000e4280000,0x00000000e4f80000)
 ParOldGen       total 56320K, used 16556K [0x0000000081000000, 0x0000000084700000, 0x00000000d5b00000)
  object space 56320K, 29% used [0x0000000081000000,0x000000008202b280,0x0000000084700000)
 Metaspace       used 34589K, capacity 35194K, committed 35416K, reserved 1079296K
  class space    used 4717K, capacity 4924K, committed 4952K, reserved 1048576K
Event: 10.069 GC heap after
Heap after GC invocations=9 (full 1):
 PSYoungGen      total 236032K, used 11848K [0x00000000d5b00000, 0x00000000e5f00000, 0x0000000100000000)
  eden space 222720K, 0% used [0x00000000d5b00000,0x00000000d5b00000,0x00000000e3480000)
  from space 13312K, 89% used [0x00000000e4280000,0x00000000e4e121f0,0x00000000e4f80000)
  to   space 14336K, 0% used [0x00000000e3480000,0x00000000e3480000,0x00000000e4280000)
 ParOldGen       total 56320K, used 16556K [0x0000000081000000, 0x0000000084700000, 0x00000000d5b00000)
  object space 56320K, 29% used [0x0000000081000000,0x000000008202b280,0x0000000084700000)
 Metaspace       used 34589K, capacity 35194K, committed 35416K, reserved 1079296K
  class space    used 4717K, capacity 4924K, committed 4952K, reserved 1048576K
}
Event: 10.069 GC heap before
{Heap before GC invocations=10 (full 2):
 PSYoungGen      total 236032K, used 11848K [0x00000000d5b00000, 0x00000000e5f00000, 0x0000000100000000)
  eden space 222720K, 0% used [0x00000000d5b00000,0x00000000d5b00000,0x00000000e3480000)
  from space 13312K, 89% used [0x00000000e4280000,0x00000000e4e121f0,0x00000000e4f80000)
  to   space 14336K, 0% used [0x00000000e3480000,0x00000000e3480000,0x00000000e4280000)
 ParOldGen       total 56320K, used 16556K [0x0000000081000000, 0x0000000084700000, 0x00000000d5b00000)
  object space 56320K, 29% used [0x0000000081000000,0x000000008202b280,0x0000000084700000)
 Metaspace       used 34589K, capacity 35194K, committed 35416K, reserved 1079296K
  class space    used 4717K, capacity 4924K, committed 4952K, reserved 1048576K
Event: 10.344 GC heap after
Heap after GC invocations=10 (full 2):
 PSYoungGen      total 236032K, used 0K [0x00000000d5b00000, 0x00000000e5f00000, 0x0000000100000000)
  eden space 222720K, 0% used [0x00000000d5b00000,0x00000000d5b00000,0x00000000e3480000)
  from space 13312K, 0% used [0x00000000e4280000,0x00000000e4280000,0x00000000e4f80000)
  to   space 14336K, 0% used [0x00000000e3480000,0x00000000e3480000,0x00000000e4280000)
 ParOldGen       total 72192K, used 18964K [0x0000000081000000, 0x0000000085680000, 0x00000000d5b00000)
  object space 72192K, 26% used [0x0000000081000000,0x00000000822852e8,0x0000000085680000)
 Metaspace       used 34589K, capacity 35194K, committed 35416K, reserved 1079296K
  class space    used 4717K, capacity 4924K, committed 4952K, reserved 1048576K
}
Event: 18.753 GC heap before
{Heap before GC invocations=11 (full 2):
 PSYoungGen      total 236032K, used 222720K [0x00000000d5b00000, 0x00000000e5f00000, 0x0000000100000000)
  eden space 222720K, 100% used [0x00000000d5b00000,0x00000000e3480000,0x00000000e3480000)
  from space 13312K, 0% used [0x00000000e4280000,0x00000000e4280000,0x00000000e4f80000)
  to   space 14336K, 0% used [0x00000000e3480000,0x00000000e3480000,0x00000000e4280000)
 ParOldGen       total 72192K, used 18964K [0x0000000081000000, 0x0000000085680000, 0x00000000d5b00000)
  object space 72192K, 26% used [0x0000000081000000,0x00000000822852e8,0x0000000085680000)
 Metaspace       used 45799K, capacity 46968K, committed 47064K, reserved 1089536K
  class space    used 6245K, capacity 6547K, committed 6616K, reserved 1048576K
Event: 18.797 GC heap after
Heap after GC invocations=11 (full 2):
 PSYoungGen      total 237056K, used 14325K [0x00000000d5b00000, 0x00000000eb500000, 0x0000000100000000)
  eden space 222720K, 0% used [0x00000000d5b00000,0x00000000d5b00000,0x00000000e3480000)
  from space 14336K, 99% used [0x00000000e3480000,0x00000000e427d740,0x00000000e4280000)
  to   space 19456K, 0% used [0x00000000ea200000,0x00000000ea200000,0x00000000eb500000)
 ParOldGen       total 72192K, used 26215K [0x0000000081000000, 0x0000000085680000, 0x00000000d5b00000)
  object space 72192K, 36% used [0x0000000081000000,0x0000000082999db0,0x0000000085680000)
 Metaspace       used 45799K, capacity 46968K, committed 47064K, reserved 1089536K
  class space    used 6245K, capacity 6547K, committed 6616K, reserved 1048576K
}

